<?xml version="1.0" encoding="UTF-8" ?>
<testsuite tests="10" failures="0" name="com.oceanview.test.SessionUtilTest" time="0" errors="0" skipped="0">
  <properties>
[...]
</properties>
  <testcase classname="com.oceanview.test.SessionUtilTest" name="testNightsGreaterThanZero" time="0"/>
  <testcase classname="com.oceanview.test.SessionUtilTest" name="testReservationNumberFormat" time="0"/>
  <testcase classname="com.oceanview.test.SessionUtilTest" name="testTotalWithTax" time="0"/>
  <testcase classname="com.oceanview.test.SessionUtilTest" name="testRoomStatusAvailable" time="0"/>
  <testcase classname="com.oceanview.test.SessionUtilTest" name="testStringNotNull" time="0"/>
  <testcase classname="com.oceanview.test.SessionUtilTest" name="testStringEquals" time="0"/>
  <testcase classname="com.oceanview.test.SessionUtilTest" name="testTaxCalculation" time="0"/>
  <testcase classname="com.oceanview.test.SessionUtilTest" name="testRoomStatusOccupied" time="0"/>
  <testcase classname="com.oceanview.test.SessionUtilTest" name="testTrueIsTrue" time="0"/>
  <testcase classname="com.oceanview.test.SessionUtilTest" name="testIntCalculation" time="0"/>
</testsuite>